<?xml version="1.0" encoding="UTF-8"?>
<!-- Generated by org.testng.reporters.JUnitReportReporter -->
<testsuite hostname="DESKTOP-0U7543P" failures="0" tests="1" name="testPractice.MavenCommandTest" time="0.027" errors="0" timestamp="2024-01-10T10:07:57 IST" skipped="0">
  <testcase classname="testPractice.MavenCommandTest" name="mavenCommandTest" time="0.027"/>
  <system-out/>
</testsuite> <!-- testPractice.MavenCommandTest -->
