<?xml version="1.0" encoding="UTF-8"?>
<!-- Generated by org.testng.reporters.JUnitReportReporter -->
<testsuite hostname="DESKTOP-0U7543P" failures="0" tests="1" name="com.ObjectRepo.addProductTest" time="9.698" errors="0" timestamp="2024-01-18T13:24:10 IST" skipped="0">
  <testcase classname="com.ObjectRepo.addProductTest" name="addProd" time="9.698"/>
</testsuite> <!-- com.ObjectRepo.addProductTest -->
