<?xml version="1.0" encoding="UTF-8"?>
<!-- Generated by org.testng.reporters.JUnitReportReporter -->
<testsuite hostname="DESKTOP-0U7543P" failures="0" tests="2" name="testPractice.demo5" time="0.010" errors="0" timestamp="2024-01-23T15:33:44 IST" skipped="0">
  <testcase classname="testPractice.demo5" name="test10" time="0.003"/>
  <testcase classname="testPractice.demo5" name="test9" time="0.007"/>
</testsuite> <!-- testPractice.demo5 -->
