<?xml version="1.0" encoding="UTF-8"?>
<!-- Generated by org.testng.reporters.JUnitReportReporter -->
<testsuite hostname="DESKTOP-0U7543P" failures="0" tests="2" name="testPractice.demoA1" time="0.041" errors="0" timestamp="2024-01-23T15:10:08 IST" skipped="0">
  <testcase classname="testPractice.demoA1" name="test9" time="0.007"/>
  <testcase classname="testPractice.demoA1" name="test10" time="0.034"/>
</testsuite> <!-- testPractice.demoA1 -->
