<?xml version="1.0" encoding="UTF-8"?>
<!-- Generated by org.testng.reporters.JUnitReportReporter -->
<testsuite hostname="DESKTOP-0U7543P" failures="0" tests="1" name="TestNG.loginAnnotation" time="1.801" errors="0" timestamp="2024-01-17T17:49:28 IST" skipped="0">
  <testcase classname="TestNG.loginAnnotation" name="emp" time="1.801"/>
</testsuite> <!-- TestNG.loginAnnotation -->
