<?xml version="1.0" encoding="UTF-8"?>
<!-- Generated by org.testng.reporters.JUnitReportReporter -->
<testsuite hostname="DESKTOP-0U7543P" failures="0" tests="5" name="TestNG.dataProviderExecution" time="0.025" errors="0" timestamp="2024-01-16T18:13:22 IST" skipped="0">
  <testcase classname="TestNG.dataProviderExecution" name="excelTest" time="0.010"/>
  <testcase classname="TestNG.dataProviderExecution" name="excelTest" time="0.003"/>
  <testcase classname="TestNG.dataProviderExecution" name="excelTest" time="0.003"/>
  <testcase classname="TestNG.dataProviderExecution" name="excelTest" time="0.006"/>
  <testcase classname="TestNG.dataProviderExecution" name="excelTest" time="0.003"/>
</testsuite> <!-- TestNG.dataProviderExecution -->
