<?xml version="1.0" encoding="UTF-8"?>
<!-- Generated by org.testng.reporters.JUnitReportReporter -->
<testsuite hostname="DESKTOP-0U7543P" failures="0" tests="1" name="testPractice.EmployeeModule" time="24.973" errors="0" timestamp="2024-01-18T10:57:30 IST" skipped="0">
  <testcase classname="testPractice.EmployeeModule" name="EmployeeModuleTest" time="24.973"/>
</testsuite> <!-- testPractice.EmployeeModule -->
