<?xml version="1.0" encoding="UTF-8"?>
<!-- Generated by org.testng.reporters.JUnitReportReporter -->
<testsuite hostname="DESKTOP-0U7543P" failures="0" tests="1" name="testPractice.LoginPageTest" time="9.588" errors="0" timestamp="2024-01-13T17:58:13 IST" skipped="0">
  <testcase classname="testPractice.LoginPageTest" name="validLogin" time="9.588"/>
  <system-out/>
</testsuite> <!-- testPractice.LoginPageTest -->
