<?xml version="1.0" encoding="UTF-8"?>
<!-- Generated by org.testng.reporters.JUnitReportReporter -->
<testsuite hostname="DESKTOP-0U7543P" failures="0" tests="2" name="TestNG.PracticeTestNG_Test" time="0.020" errors="0" timestamp="2024-01-16T16:34:08 IST" skipped="0">
  <testcase classname="TestNG.PracticeTestNG_Test" name="deleteTest" time="0.016"/>
  <testcase classname="TestNG.PracticeTestNG_Test" name="editTest" time="0.004"/>
</testsuite> <!-- TestNG.PracticeTestNG_Test -->
