<?xml version="1.0" encoding="UTF-8"?>
<!-- Generated by org.testng.reporters.JUnitReportReporter -->
<testsuite hostname="DESKTOP-0U7543P" failures="0" tests="2" name="testPractice.demoA2" time="0.133" errors="0" timestamp="2024-01-23T15:10:08 IST" skipped="0">
  <testcase classname="testPractice.demoA2" name="test7" time="0.036"/>
  <testcase classname="testPractice.demoA2" name="test8" time="0.097"/>
</testsuite> <!-- testPractice.demoA2 -->
