<?xml version="1.0" encoding="UTF-8"?>
<!-- Generated by org.testng.reporters.JUnitReportReporter -->
<testsuite hostname="DESKTOP-0U7543P" failures="0" tests="2" name="testPractice.demo4" time="0.025" errors="0" timestamp="2024-01-23T15:33:44 IST" skipped="0">
  <testcase classname="testPractice.demo4" name="test7" time="0.013"/>
  <testcase classname="testPractice.demo4" name="test8" time="0.012"/>
</testsuite> <!-- testPractice.demo4 -->
