<?xml version="1.0" encoding="UTF-8"?>
<!-- Generated by org.testng.reporters.JUnitReportReporter -->
<testsuite hostname="DESKTOP-0U7543P" failures="0" tests="3" name="TestNG.annotationsPractice" time="0.061" errors="0" timestamp="2024-01-17T17:33:35 IST" skipped="0">
  <testcase classname="TestNG.annotationsPractice" name="test3" time="0.017"/>
  <testcase classname="TestNG.annotationsPractice" name="test" time="0.026"/>
  <testcase classname="TestNG.annotationsPractice" name="test2" time="0.018"/>
</testsuite> <!-- TestNG.annotationsPractice -->
