<?xml version="1.0" encoding="UTF-8"?>
<!-- Generated by org.testng.reporters.JUnitReportReporter -->
<testsuite hostname="DESKTOP-0U7543P" failures="0" tests="1" name="com.ObjectRepo.takess" time="7.755" errors="0" timestamp="2024-01-18T17:36:26 IST" skipped="0">
  <testcase classname="com.ObjectRepo.takess" name="ss" time="7.755"/>
</testsuite> <!-- com.ObjectRepo.takess -->
