<?xml version="1.0" encoding="UTF-8"?>
<!-- Generated by org.testng.reporters.JUnitReportReporter -->
<testsuite hostname="DESKTOP-0U7543P" failures="0" tests="2" name="testPractice.demoA3" time="0.026" errors="0" timestamp="2024-01-23T15:10:08 IST" skipped="0">
  <testcase classname="testPractice.demoA3" name="test5" time="0.017"/>
  <testcase classname="testPractice.demoA3" name="test6" time="0.009"/>
</testsuite> <!-- testPractice.demoA3 -->
