<?xml version="1.0" encoding="UTF-8"?>
<!-- Generated by org.testng.reporters.JUnitReportReporter -->
<testsuite hostname="DESKTOP-0U7543P" failures="0" tests="2" name="testPractice.demoA5" time="0.035" errors="0" timestamp="2024-01-23T15:10:08 IST" skipped="0">
  <testcase classname="testPractice.demoA5" name="test4" time="0.008"/>
  <testcase classname="testPractice.demoA5" name="test3" time="0.027"/>
</testsuite> <!-- testPractice.demoA5 -->
