<?xml version="1.0" encoding="UTF-8"?>
<!-- Generated by org.testng.reporters.JUnitReportReporter -->
<testsuite hostname="DESKTOP-0U7543P" failures="0" tests="2" name="testPractice.demoA4" time="0.086" errors="0" timestamp="2024-01-23T15:10:08 IST" skipped="0">
  <testcase classname="testPractice.demoA4" name="test2" time="0.064"/>
  <testcase classname="testPractice.demoA4" name="test1" time="0.022"/>
</testsuite> <!-- testPractice.demoA4 -->
