<?xml version="1.0" encoding="UTF-8"?>
<!-- Generated by org.testng.reporters.JUnitReportReporter -->
<testsuite hostname="DESKTOP-0U7543P" failures="0" tests="2" name="testPractice.demo1" time="0.051" errors="0" timestamp="2024-01-23T15:33:44 IST" skipped="0">
  <testcase classname="testPractice.demo1" name="test1" time="0.034"/>
  <testcase classname="testPractice.demo1" name="test2" time="0.017"/>
</testsuite> <!-- testPractice.demo1 -->
