<?xml version="1.0" encoding="UTF-8"?>
<!-- Generated by org.testng.reporters.JUnitReportReporter -->
<testsuite hostname="DESKTOP-0U7543P" failures="0" tests="1" name="com.ObjectRepo.PosUserTest" time="7.180" errors="0" timestamp="2024-01-18T13:05:14 IST" skipped="0">
  <testcase classname="com.ObjectRepo.PosUserTest" name="loginAdmin" time="7.180"/>
</testsuite> <!-- com.ObjectRepo.PosUserTest -->
