<?xml version="1.0" encoding="UTF-8"?>
<!-- Generated by org.testng.reporters.JUnitReportReporter -->
<testsuite hostname="DESKTOP-0U7543P" failures="0" tests="2" name="testPractice.demo2" time="0.026" errors="0" timestamp="2024-01-23T15:33:44 IST" skipped="0">
  <testcase classname="testPractice.demo2" name="test3" time="0.011"/>
  <testcase classname="testPractice.demo2" name="test4" time="0.015"/>
</testsuite> <!-- testPractice.demo2 -->
